<?xml version="1.0" encoding="UTF-8"?>
<!-- Generated by org.testng.reporters.JUnitXMLReporter -->
<testsuite hostname="Vignesh-pc" ignored="0" name="Test" tests="24" failures="2" timestamp="12 Feb 2020 09:04:14 GMT" time="15.316" errors="0">
  <testcase name="authenticateUsingBaseClass" time="1.903" classname="RestAssured.RestAssured01.TC_06_001Authentication_Using_BaseClass"/>
  <testcase name="oauthOne" time="0.038" classname="RestAssured.RestAssured01.TC_07_Oauth">
    <failure type="java.lang.NoClassDefFoundError" message="com/github/scribejava/core/model/AbstractRequest">
      <![CDATA[java.lang.NoClassDefFoundError: com/github/scribejava/core/model/AbstractRequest
at io.restassured.internal.http.AuthConfig.oauth(AuthConfig.java:184)
at io.restassured.internal.http.AuthConfig$oauth.call(Unknown Source)
at org.codehaus.groovy.runtime.callsite.CallSiteArray.defaultCall(CallSiteArray.java:48)
at org.codehaus.groovy.runtime.callsite.AbstractCallSite.call(AbstractCallSite.java:113)
at org.codehaus.groovy.runtime.callsite.AbstractCallSite.call(AbstractCallSite.java:149)
at io.restassured.authentication.OAuthScheme.authenticate(OAuthScheme.groovy:35)
at io.restassured.authentication.AuthenticationScheme$authenticate.call(Unknown Source)
at org.codehaus.groovy.runtime.callsite.CallSiteArray.defaultCall(CallSiteArray.java:48)
at io.restassured.authentication.AuthenticationScheme$authenticate.call(Unknown Source)
at io.restassured.internal.RequestSpecificationImpl.sendRequest(RequestSpecificationImpl.groovy:1262)
at groovy.lang.MetaMethod.doMethodInvoke(MetaMethod.java:325)
at groovy.lang.MetaClassImpl.invokeMethod(MetaClassImpl.java:1213)
at groovy.lang.MetaClassImpl.invokeMethod(MetaClassImpl.java:1022)
at groovy.lang.MetaClassImpl.invokeMethod(MetaClassImpl.java:810)
at io.restassured.internal.RequestSpecificationImpl.invokeMethod(RequestSpecificationImpl.groovy)
at org.codehaus.groovy.runtime.callsite.PogoInterceptableSite.call(PogoInterceptableSite.java:48)
at org.codehaus.groovy.runtime.callsite.AbstractCallSite.call(AbstractCallSite.java:149)
at io.restassured.internal.filter.SendRequestFilter.filter(SendRequestFilter.groovy:30)
at io.restassured.filter.Filter$filter$0.call(Unknown Source)
at org.codehaus.groovy.runtime.callsite.CallSiteArray.defaultCall(CallSiteArray.java:48)
at io.restassured.filter.Filter$filter.call(Unknown Source)
at io.restassured.internal.filter.FilterContextImpl.next(FilterContextImpl.groovy:72)
at io.restassured.filter.time.TimingFilter.filter(TimingFilter.java:56)
at io.restassured.filter.Filter$filter.call(Unknown Source)
at org.codehaus.groovy.runtime.callsite.CallSiteArray.defaultCall(CallSiteArray.java:48)
at io.restassured.filter.Filter$filter$0.call(Unknown Source)
at io.restassured.internal.filter.FilterContextImpl.next(FilterContextImpl.groovy:72)
at io.restassured.filter.FilterContext$next.call(Unknown Source)
at io.restassured.internal.RequestSpecificationImpl.applyPathParamsAndSendRequest(RequestSpecificationImpl.groovy:1731)
at groovy.lang.MetaMethod.doMethodInvoke(MetaMethod.java:325)
at groovy.lang.MetaClassImpl.invokeMethod(MetaClassImpl.java:1213)
at groovy.lang.MetaClassImpl.invokeMethod(MetaClassImpl.java:1022)
at groovy.lang.MetaClassImpl.invokeMethod(MetaClassImpl.java:810)
at io.restassured.internal.RequestSpecificationImpl.invokeMethod(RequestSpecificationImpl.groovy)
at org.codehaus.groovy.runtime.callsite.PogoInterceptableSite.call(PogoInterceptableSite.java:48)
at org.codehaus.groovy.runtime.callsite.PogoInterceptableSite.callCurrent(PogoInterceptableSite.java:58)
at org.codehaus.groovy.runtime.callsite.AbstractCallSite.callCurrent(AbstractCallSite.java:182)
at io.restassured.internal.RequestSpecificationImpl.applyPathParamsAndSendRequest(RequestSpecificationImpl.groovy:1737)
at groovy.lang.MetaMethod.doMethodInvoke(MetaMethod.java:325)
at groovy.lang.MetaClassImpl.invokeMethod(MetaClassImpl.java:1213)
at groovy.lang.MetaClassImpl.invokeMethod(MetaClassImpl.java:1022)
at groovy.lang.MetaClassImpl.invokeMethod(MetaClassImpl.java:810)
at io.restassured.internal.RequestSpecificationImpl.invokeMethod(RequestSpecificationImpl.groovy)
at org.codehaus.groovy.runtime.callsite.PogoInterceptableSite.call(PogoInterceptableSite.java:48)
at org.codehaus.groovy.runtime.callsite.PogoInterceptableSite.callCurrent(PogoInterceptableSite.java:58)
at org.codehaus.groovy.runtime.callsite.CallSiteArray.defaultCallCurrent(CallSiteArray.java:52)
at org.codehaus.groovy.runtime.callsite.AbstractCallSite.callCurrent(AbstractCallSite.java:154)
at org.codehaus.groovy.runtime.callsite.AbstractCallSite.callCurrent(AbstractCallSite.java:182)
at io.restassured.internal.RequestSpecificationImpl.post(RequestSpecificationImpl.groovy:174)
at io.restassured.internal.RequestSpecificationImpl.post(RequestSpecificationImpl.groovy)
at RestAssured.RestAssured01.TC_07_Oauth.oauthOne(TC_07_Oauth.java:21)
Caused by: java.lang.ClassNotFoundException: com.github.scribejava.core.model.AbstractRequest
at java.net.URLClassLoader.findClass(Unknown Source)
at java.lang.ClassLoader.loadClass(Unknown Source)
at sun.misc.Launcher$AppClassLoader.loadClass(Unknown Source)
at java.lang.ClassLoader.loadClass(Unknown Source)
... 91 more
... Removed 40 stack frames]]>
    </failure>
  </testcase> <!-- oauthOne -->
  <testcase name="putUser" time="1.145" classname="RestAssured.RestAssured01.TC_05_Put"/>
  <testcase name="getMethod" time="3.286" classname="RestAssured.RestAssured01.TC_01_GetRequest"/>
  <testcase name="getMethod" time="3.504" classname="RestAssured.RestAssured01.TC_01_GetRequest"/>
  <testcase name="getMethod" time="4.992" classname="RestAssured.RestAssured01.TC_01_GetRequest"/>
  <testcase name="getMethod" time="5.286" classname="RestAssured.RestAssured01.TC_01_GetRequest"/>
  <testcase name="getMethod" time="5.285" classname="RestAssured.RestAssured01.TC_01_GetRequest"/>
  <testcase name="PostUserCreation" time="0.862" classname="RestAssured.RestAssured01.TC_03_Post"/>
  <testcase name="authenticateUsernameAndPassword" time="0.574" classname="RestAssured.RestAssured01.TC_06_Authentication"/>
  <testcase name="putUpdate" time="0.645" classname="RestAssured.RestAssured01.TC_02_PutRequest"/>
  <testcase name="deleteUser" time="0.687" classname="RestAssured.RestAssured01.TC_04_Delete"/>
  <testcase name="genearteTokenAndPassValue" time="0.912" classname="RestAssured.RestAssured01.TC_09_Oauth2_GenerateToken_And_PassTheValueToRequest">
    <failure type="java.lang.IllegalArgumentException" message="accessToken cannot be null">
      <![CDATA[java.lang.IllegalArgumentException: accessToken cannot be null
at org.codehaus.groovy.runtime.callsite.ConstructorSite$ConstructorSiteNoUnwrap.callConstructor(ConstructorSite.java:84)
at org.codehaus.groovy.runtime.callsite.CallSiteArray.defaultCallConstructor(CallSiteArray.java:60)
at org.codehaus.groovy.runtime.callsite.AbstractCallSite.callConstructor(AbstractCallSite.java:235)
at org.codehaus.groovy.runtime.callsite.AbstractCallSite.callConstructor(AbstractCallSite.java:247)
at io.restassured.internal.assertion.AssertParameter.notNull(AssertParameter.groovy:26)
at io.restassured.internal.assertion.AssertParameter$notNull.callStatic(Unknown Source)
at org.codehaus.groovy.runtime.callsite.CallSiteArray.defaultCallStatic(CallSiteArray.java:56)
at org.codehaus.groovy.runtime.callsite.AbstractCallSite.callStatic(AbstractCallSite.java:194)
at org.codehaus.groovy.runtime.callsite.AbstractCallSite.callStatic(AbstractCallSite.java:214)
at io.restassured.internal.AuthenticationSpecificationImpl.oauth2(AuthenticationSpecificationImpl.groovy:157)
at io.restassured.specification.AuthenticationSpecification$oauth2$0.callCurrent(Unknown Source)
at org.codehaus.groovy.runtime.callsite.CallSiteArray.defaultCallCurrent(CallSiteArray.java:52)
at org.codehaus.groovy.runtime.callsite.AbstractCallSite.callCurrent(AbstractCallSite.java:154)
at org.codehaus.groovy.runtime.callsite.AbstractCallSite.callCurrent(AbstractCallSite.java:174)
at io.restassured.internal.AuthenticationSpecificationImpl.oauth2(AuthenticationSpecificationImpl.groovy:150)
at RestAssured.RestAssured01.TC_09_Oauth2_GenerateToken_And_PassTheValueToRequest.genearteTokenAndPassValue(TC_09_Oauth2_GenerateToken_And_PassTheValueToRequest.java:31)
... Removed 31 stack frames]]>
    </failure>
  </testcase> <!-- genearteTokenAndPassValue -->
  <testcase name="authentication2" time="0.561" classname="RestAssured.RestAssured01.TC_08_Oauth2"/>
  <testcase name="getFullData" time="0.809" classname="RestAssured.RestAssured01.TC_01_GetRequest"/>
  <testcase name="getFullData" time="0.807" classname="RestAssured.RestAssured01.TC_01_GetRequest"/>
  <testcase name="getFullData" time="0.812" classname="RestAssured.RestAssured01.TC_01_GetRequest"/>
  <testcase name="getFullData" time="0.812" classname="RestAssured.RestAssured01.TC_01_GetRequest"/>
  <testcase name="getFullData" time="1.166" classname="RestAssured.RestAssured01.TC_01_GetRequest"/>
  <testcase name="getFullData" time="0.796" classname="RestAssured.RestAssured01.TC_01_GetRequest"/>
  <testcase name="getFullData" time="1.127" classname="RestAssured.RestAssured01.TC_01_GetRequest"/>
  <testcase name="getFullData" time="0.991" classname="RestAssured.RestAssured01.TC_01_GetRequest"/>
  <testcase name="getFullData" time="1.392" classname="RestAssured.RestAssured01.TC_01_GetRequest"/>
  <testcase name="getFullData" time="1.401" classname="RestAssured.RestAssured01.TC_01_GetRequest"/>
</testsuite> <!-- Test -->
