<?xml version="1.0" encoding="UTF-8"?>
<!-- Generated by org.testng.reporters.JUnitXMLReporter -->
<testsuite hostname="Vignesh-pc" ignored="0" name="APITest" tests="7" failures="0" timestamp="06 Feb 2020 04:24:06 GMT" time="3.519" errors="0">
  <testcase name="getMethod" time="2.652" classname="RestAssured.RestAssured01.TC_01_GetRequest"/>
  <testcase name="getMethod" time="2.652" classname="RestAssured.RestAssured01.TC_01_GetRequest"/>
  <testcase name="getMethod" time="2.652" classname="RestAssured.RestAssured01.TC_01_GetRequest"/>
  <testcase name="getMethod" time="2.652" classname="RestAssured.RestAssured01.TC_01_GetRequest"/>
  <testcase name="getMethod" time="2.652" classname="RestAssured.RestAssured01.TC_01_GetRequest"/>
  <testcase name="putUpdate" time="2.69" classname="RestAssured.RestAssured01.TC_02_PutRequest"/>
  <testcase name="getFullData" time="0.8" classname="RestAssured.RestAssured01.TC_01_GetRequest"/>
</testsuite> <!-- APITest -->
